<?xml version="1.0" encoding="UTF-8"?>
<!-- Generated by org.testng.reporters.JUnitXMLReporter -->
<testsuite ignored="0" hostname="LAPTOP-Q8RUKJP2" failures="4" tests="8" name="TestB" time="0.427" errors="0" timestamp="2020-11-15T13:27:55 IST">
  <testcase classname="testRunners.test2" name="test10" time="0.002">
    <failure type="java.lang.AssertionError" message="expected [true] but found [false]">
      <![CDATA[java.lang.AssertionError: expected [true] but found [false]
at testRunners.test2.test10(test2.java:17)
at java.base/java.util.ArrayList.forEach(ArrayList.java:1511)
... Removed 31 stack frames]]>
    </failure>
  </testcase> <!-- test10 -->
  <testcase classname="testRunners.test2" name="test11" time="0.001"/>
  <testcase classname="testRunners.test2" name="test12" time="0.002">
    <failure type="java.lang.AssertionError" message="expected [true] but found [false]">
      <![CDATA[java.lang.AssertionError: expected [true] but found [false]
at testRunners.test2.test12(test2.java:25)
at java.base/java.util.ArrayList.forEach(ArrayList.java:1511)
... Removed 32 stack frames]]>
    </failure>
  </testcase> <!-- test12 -->
  <testcase classname="testRunners.test2" name="test13" time="0.001"/>
  <testcase classname="testRunners.test2" name="test14" time="0.001">
    <failure type="java.lang.AssertionError" message="expected [false] but found [true]">
      <![CDATA[java.lang.AssertionError: expected [false] but found [true]
at testRunners.test2.test14(test2.java:33)
at java.base/java.util.ArrayList.forEach(ArrayList.java:1511)
... Removed 32 stack frames]]>
    </failure>
  </testcase> <!-- test14 -->
  <testcase classname="testRunners.test2" name="test15" time="0.001">
    <failure type="java.lang.AssertionError" message="expected [false] but found [true]">
      <![CDATA[java.lang.AssertionError: expected [false] but found [true]
at testRunners.test2.test15(test2.java:37)
at java.base/java.util.ArrayList.forEach(ArrayList.java:1511)
... Removed 31 stack frames]]>
    </failure>
  </testcase> <!-- test15 -->
  <testcase classname="testRunners.test2" name="test16" time="0.0"/>
  <testcase classname="testRunners.test2" name="test9" time="0.002"/>
</testsuite> <!-- TestB -->
