<?xml version="1.0" encoding="UTF-8"?>
<testsuite xmlns:xsi="http://www.w3.org/2001/XMLSchema-instance" xsi:noNamespaceSchemaLocation="https://maven.apache.org/surefire/maven-surefire-plugin/xsd/surefire-test-report-3.0.xsd" version="3.0" name="TestSuite" time="11.012" tests="16" errors="0" skipped="0" failures="8">
  <properties>
[...]
</properties>
  <testcase name="test1" classname="testRunners.test" time="0.007"/>
  <testcase name="test2" classname="testRunners.test" time="0.123">
    <failure message="expected [true] but found [false]" type="java.lang.AssertionError"><![CDATA[java.lang.AssertionError: expected [true] but found [false]
	at testRunners.test.test2(test.java:20)
]]></failure>
    <system-out><![CDATA[[INFO ] 2020-11-16 18:40:19.717 [main] RetryHelper - Retrying Test test2 with status Failure for the 1 times.
]]></system-out>
  </testcase>
  <testcase name="test3" classname="testRunners.test" time="0"/>
  <testcase name="test4" classname="testRunners.test" time="0.003">
    <failure message="expected [true] but found [false]" type="java.lang.AssertionError"><![CDATA[java.lang.AssertionError: expected [true] but found [false]
	at testRunners.test.test4(test.java:28)
]]></failure>
    <system-out><![CDATA[[INFO ] 2020-11-16 18:40:19.943 [main] RetryHelper - Retrying Test test4 with status Failure for the 2 times.
]]></system-out>
  </testcase>
  <testcase name="test5" classname="testRunners.test" time="0"/>
  <testcase name="test6" classname="testRunners.test" time="0.003">
    <failure message="expected [false] but found [true]" type="java.lang.AssertionError"><![CDATA[java.lang.AssertionError: expected [false] but found [true]
	at testRunners.test.test6(test.java:36)
]]></failure>
    <system-out><![CDATA[[INFO ] 2020-11-16 18:40:20.061 [main] RetryHelper - Retrying Test test6 with status Failure for the 3 times.
]]></system-out>
  </testcase>
  <testcase name="test7" classname="testRunners.test" time="0.003">
    <failure message="expected [false] but found [true]" type="java.lang.AssertionError"><![CDATA[java.lang.AssertionError: expected [false] but found [true]
	at testRunners.test.test7(test.java:40)
]]></failure>
    <system-out><![CDATA[[INFO ] 2020-11-16 18:40:20.108 [main] RetryHelper - Retrying Test test7 with status Failure for the 4 times.
]]></system-out>
  </testcase>
  <testcase name="test8" classname="testRunners.test" time="0"/>
  <testcase name="test10" classname="testRunners.test2" time="0.001">
    <failure message="expected [true] but found [false]" type="java.lang.AssertionError"><![CDATA[java.lang.AssertionError: expected [true] but found [false]
	at testRunners.test2.test10(test2.java:17)
]]></failure>
    <system-out><![CDATA[[INFO ] 2020-11-16 18:40:20.287 [main] RetryHelper - Retrying Test test10 with status Failure for the 5 times.
]]></system-out>
  </testcase>
  <testcase name="test11" classname="testRunners.test2" time="0.001"/>
  <testcase name="test12" classname="testRunners.test2" time="0.002">
    <failure message="expected [true] but found [false]" type="java.lang.AssertionError"><![CDATA[java.lang.AssertionError: expected [true] but found [false]
	at testRunners.test2.test12(test2.java:25)
]]></failure>
    <system-out><![CDATA[[INFO ] 2020-11-16 18:40:20.375 [main] RetryHelper - Retrying Test test12 with status Failure for the 6 times.
]]></system-out>
  </testcase>
  <testcase name="test13" classname="testRunners.test2" time="0"/>
  <testcase name="test14" classname="testRunners.test2" time="0.001">
    <failure message="expected [false] but found [true]" type="java.lang.AssertionError"><![CDATA[java.lang.AssertionError: expected [false] but found [true]
	at testRunners.test2.test14(test2.java:33)
]]></failure>
    <system-out><![CDATA[[INFO ] 2020-11-16 18:40:20.455 [main] RetryHelper - Retrying Test test14 with status Failure for the 7 times.
]]></system-out>
  </testcase>
  <testcase name="test15" classname="testRunners.test2" time="0.002">
    <failure message="expected [false] but found [true]" type="java.lang.AssertionError"><![CDATA[java.lang.AssertionError: expected [false] but found [true]
	at testRunners.test2.test15(test2.java:37)
]]></failure>
    <system-out><![CDATA[[INFO ] 2020-11-16 18:40:20.501 [main] RetryHelper - Retrying Test test15 with status Failure for the 8 times.
]]></system-out>
  </testcase>
  <testcase name="test16" classname="testRunners.test2" time="0"/>
  <testcase name="test9" classname="testRunners.test2" time="0.001"/>
</testsuite>